<?xml version="1.0" encoding="UTF-8"?>
<Site BuildName="(empty)"
	BuildStamp="20250907-1650-Experimental"
	Name="air-VMware-Virtual-Platform"
	Generator="ctest-3.28.3"
	CompilerName="/usr/bin/g++"
	CompilerVersion="13.3.0"
	OSName="Linux"
	Hostname="air-VMware-Virtual-Platform"
	OSRelease="6.14.0-29-generic"
	OSVersion="#29~24.04.1-Ubuntu SMP PREEMPT_DYNAMIC Thu Aug 14 16:52:50 UTC 2"
	OSPlatform="x86_64"
	Is64Bits="1"
	VendorString="AuthenticAMD"
	VendorID="Advanced Micro Devices"
	FamilyID="25"
	ModelID="117"
	ProcessorCacheSize="1024"
	NumberOfLogicalCPU="16"
	NumberOfPhysicalCPU="16"
	TotalVirtualMemory="3866"
	TotalPhysicalMemory="3867"
	LogicalProcessorsPerPhysical="1"
	ProcessorClockFrequency="3792.65"
	>
	<Testing>
		<StartDateTime>Sep 08 00:50 CST</StartDateTime>
		<StartTestTime>1757263807</StartTestTime>
		<TestList/>
		<EndDateTime>Sep 08 00:50 CST</EndDateTime>
		<EndTestTime>1757263807</EndTestTime>
		<ElapsedMinutes>0</ElapsedMinutes>
	</Testing>
</Site>
